  [1m[35m (31.6ms)[0m  [1m[35mCREATE TABLE "schema_migrations" ("version" character varying PRIMARY KEY)[0m
  [1m[35m (25.6ms)[0m  [1m[35mCREATE TABLE "ar_internal_metadata" ("key" character varying PRIMARY KEY, "value" character varying, "created_at" timestamp NOT NULL, "updated_at" timestamp NOT NULL)[0m
  [1m[35m (21.8ms)[0m  [1m[34mSELECT pg_try_advisory_lock(5952202268262645255);[0m
  [1m[36mActiveRecord::SchemaMigration Load (0.4ms)[0m  [1m[34mSELECT "schema_migrations".* FROM "schema_migrations"[0m
Migrating to CreateUsers (20170106044409)
  [1m[35m (0.1ms)[0m  [1m[35mBEGIN[0m
  [1m[35m (35.4ms)[0m  [1m[35mCREATE TABLE "users" ("id" serial primary key, "first_name" character varying, "last_name" character varying, "email" character varying, "phone" character varying, "profile_photo" character varying, "profile_video" character varying, "profile_e_description" text, "created_at" timestamp NOT NULL, "updated_at" timestamp NOT NULL)[0m
  [1m[35mSQL (25.6ms)[0m  [1m[32mINSERT INTO "schema_migrations" ("version") VALUES ($1) RETURNING "version"[0m  [["version", "20170106044409"]]
  [1m[35m (0.6ms)[0m  [1m[35mCOMMIT[0m
Migrating to CreateReservations (20170106044547)
  [1m[35m (5.6ms)[0m  [1m[35mBEGIN[0m
  [1m[35m (13.6ms)[0m  [1m[35mCREATE TABLE "reservations" ("id" serial primary key, "start_date" date, "end_date" date, "start_time" time, "end_time" time, "created_at" timestamp NOT NULL, "updated_at" timestamp NOT NULL)[0m
  [1m[35mSQL (0.2ms)[0m  [1m[32mINSERT INTO "schema_migrations" ("version") VALUES ($1) RETURNING "version"[0m  [["version", "20170106044547"]]
  [1m[35m (6.3ms)[0m  [1m[35mCOMMIT[0m
Migrating to CreateIndentifications (20170106044647)
  [1m[35m (11.1ms)[0m  [1m[35mBEGIN[0m
  [1m[35m (9.9ms)[0m  [1m[35mCREATE TABLE "indentifications" ("id" serial primary key, "proven" boolean, "created_at" timestamp NOT NULL, "updated_at" timestamp NOT NULL)[0m
  [1m[35mSQL (0.3ms)[0m  [1m[32mINSERT INTO "schema_migrations" ("version") VALUES ($1) RETURNING "version"[0m  [["version", "20170106044647"]]
  [1m[35m (5.2ms)[0m  [1m[35mCOMMIT[0m
Migrating to CreatePaymentMethods (20170106044757)
  [1m[35m (11.8ms)[0m  [1m[35mBEGIN[0m
  [1m[35m (12.4ms)[0m  [1m[35mCREATE TABLE "payment_methods" ("id" serial primary key, "credit_card" boolean, "created_at" timestamp NOT NULL, "updated_at" timestamp NOT NULL)[0m
  [1m[35mSQL (0.3ms)[0m  [1m[32mINSERT INTO "schema_migrations" ("version") VALUES ($1) RETURNING "version"[0m  [["version", "20170106044757"]]
  [1m[35m (0.5ms)[0m  [1m[35mCOMMIT[0m
Migrating to CreatePayoutPreferences (20170106044839)
  [1m[35m (6.0ms)[0m  [1m[35mBEGIN[0m
  [1m[35m (11.6ms)[0m  [1m[35mCREATE TABLE "payout_preferences" ("id" serial primary key, "bank_account" boolean, "created_at" timestamp NOT NULL, "updated_at" timestamp NOT NULL)[0m
  [1m[35mSQL (0.3ms)[0m  [1m[32mINSERT INTO "schema_migrations" ("version") VALUES ($1) RETURNING "version"[0m  [["version", "20170106044839"]]
  [1m[35m (5.1ms)[0m  [1m[35mCOMMIT[0m
Migrating to CreateHuntingProperties (20170106050846)
  [1m[35m (6.2ms)[0m  [1m[35mBEGIN[0m
  [1m[35m (19.9ms)[0m  [1m[35mCREATE TABLE "hunting_properties" ("id" serial primary key, "description" text, "address" character varying, "city" character varying, "state" character varying, "acreage" integer, "vegetation" text, "water_sources" text, "number_blinds" integer, "blind_types" character varying, "feeders" integer, "natural_feeders" boolean, "created_at" timestamp NOT NULL, "updated_at" timestamp NOT NULL)[0m
  [1m[35mSQL (0.5ms)[0m  [1m[32mINSERT INTO "schema_migrations" ("version") VALUES ($1) RETURNING "version"[0m  [["version", "20170106050846"]]
  [1m[35m (0.4ms)[0m  [1m[35mCOMMIT[0m
Migrating to CreateGames (20170106051009)
  [1m[35m (6.2ms)[0m  [1m[35mBEGIN[0m
  [1m[35m (18.8ms)[0m  [1m[35mCREATE TABLE "games" ("id" serial primary key, "game_type" character varying, "quality" character varying, "abundance" character varying, "number_animals" integer, "created_at" timestamp NOT NULL, "updated_at" timestamp NOT NULL)[0m
  [1m[35mSQL (0.3ms)[0m  [1m[32mINSERT INTO "schema_migrations" ("version") VALUES ($1) RETURNING "version"[0m  [["version", "20170106051009"]]
  [1m[35m (0.4ms)[0m  [1m[35mCOMMIT[0m
Migrating to CreateHuntingAmenities (20170106051029)
  [1m[35m (5.9ms)[0m  [1m[35mBEGIN[0m
  [1m[35m (13.8ms)[0m  [1m[35mCREATE TABLE "hunting_amenities" ("id" serial primary key, "food" character varying, "lodging" character varying, "gear" character varying, "ammo" character varying, "guns" character varying, "vehicles" character varying, "created_at" timestamp NOT NULL, "updated_at" timestamp NOT NULL)[0m
  [1m[35mSQL (0.2ms)[0m  [1m[32mINSERT INTO "schema_migrations" ("version") VALUES ($1) RETURNING "version"[0m  [["version", "20170106051029"]]
  [1m[35m (0.5ms)[0m  [1m[35mCOMMIT[0m
Migrating to CreateExpeditions (20170106051115)
  [1m[35m (6.1ms)[0m  [1m[35mBEGIN[0m
  [1m[35m (23.6ms)[0m  [1m[35mCREATE TABLE "expeditions" ("id" serial primary key, "title" character varying, "description" text, "number_of_guests" character varying, "cost" integer, "allow_multiple_bookings_on_date" boolean, "created_at" timestamp NOT NULL, "updated_at" timestamp NOT NULL)[0m
  [1m[35mSQL (0.3ms)[0m  [1m[32mINSERT INTO "schema_migrations" ("version") VALUES ($1) RETURNING "version"[0m  [["version", "20170106051115"]]
  [1m[35m (0.4ms)[0m  [1m[35mCOMMIT[0m
  [1m[36mActiveRecord::InternalMetadata Load (0.6ms)[0m  [1m[34mSELECT  "ar_internal_metadata".* FROM "ar_internal_metadata" WHERE "ar_internal_metadata"."key" = $1 LIMIT $2[0m  [["key", :environment], ["LIMIT", 1]]
  [1m[35m (0.1ms)[0m  [1m[35mBEGIN[0m
  [1m[35mSQL (1.0ms)[0m  [1m[32mINSERT INTO "ar_internal_metadata" ("key", "value", "created_at", "updated_at") VALUES ($1, $2, $3, $4) RETURNING "key"[0m  [["key", "environment"], ["value", "development"], ["created_at", 2017-01-06 05:13:12 UTC], ["updated_at", 2017-01-06 05:13:12 UTC]]
  [1m[35m (0.2ms)[0m  [1m[35mCOMMIT[0m
  [1m[35m (0.1ms)[0m  [1m[34mSELECT pg_advisory_unlock(5952202268262645255)[0m
  [1m[36mActiveRecord::SchemaMigration Load (0.2ms)[0m  [1m[34mSELECT "schema_migrations".* FROM "schema_migrations"[0m
DEPRECATION WARNING: Passing strings or symbols to the middleware builder is deprecated, please change
them to actual class references.  For example:

  "Rack::Cors" => Rack::Cors

 (called from <top (required)> at /Users/Xander/Development/ruby/limitout/backend/config/environment.rb:5)
DEPRECATION WARNING: Passing strings or symbols to the middleware builder is deprecated, please change
them to actual class references.  For example:

  "Rack::Cors" => Rack::Cors

 (called from <top (required)> at /Users/Xander/Development/ruby/limitout/backend/config/environment.rb:5)
  [1m[36mActiveRecord::SchemaMigration Load (0.4ms)[0m  [1m[34mSELECT "schema_migrations".* FROM "schema_migrations"[0m
  [1m[35m (0.3ms)[0m  [1m[34mSELECT "ar_internal_metadata"."value" FROM "ar_internal_metadata" WHERE "ar_internal_metadata"."key" = $1[0m  [["key", :environment]]
  [1m[36mActiveRecord::SchemaMigration Load (0.2ms)[0m  [1m[34mSELECT "schema_migrations".* FROM "schema_migrations"[0m
  [1m[35m (0.1ms)[0m  [1m[34mSELECT "ar_internal_metadata"."value" FROM "ar_internal_metadata" WHERE "ar_internal_metadata"."key" = $1[0m  [["key", :environment]]
  [1m[36mActiveRecord::SchemaMigration Load (0.1ms)[0m  [1m[34mSELECT "schema_migrations".* FROM "schema_migrations"[0m
  [1m[35m (0.1ms)[0m  [1m[34mSELECT "ar_internal_metadata"."value" FROM "ar_internal_metadata" WHERE "ar_internal_metadata"."key" = $1[0m  [["key", :environment]]
  [1m[35m (294.1ms)[0m  [1m[35mDROP DATABASE IF EXISTS "limitout_development"[0m
  [1m[35m (272.2ms)[0m  [1m[35mDROP DATABASE IF EXISTS "limitout_test"[0m
  [1m[35m (529.9ms)[0m  [1m[35mCREATE DATABASE "limitout_development" ENCODING = 'unicode'[0m
  [1m[35m (389.0ms)[0m  [1m[35mCREATE DATABASE "limitout_test" ENCODING = 'unicode'[0m
  [1m[35mSQL (0.7ms)[0m  [1m[35mCREATE EXTENSION IF NOT EXISTS "plpgsql"[0m
  [1m[35m (4.1ms)[0m  [1m[35mCREATE TABLE "expeditions" ("id" serial primary key, "title" character varying, "description" text, "number_of_guests" character varying, "cost" integer, "allow_multiple_bookings_on_date" boolean, "created_at" timestamp NOT NULL, "updated_at" timestamp NOT NULL)[0m
  [1m[35m (3.2ms)[0m  [1m[35mCREATE TABLE "games" ("id" serial primary key, "game_type" character varying, "quality" character varying, "abundance" character varying, "number_animals" integer, "created_at" timestamp NOT NULL, "updated_at" timestamp NOT NULL)[0m
  [1m[35m (2.7ms)[0m  [1m[35mCREATE TABLE "hunting_amenities" ("id" serial primary key, "food" character varying, "lodging" character varying, "gear" character varying, "ammo" character varying, "guns" character varying, "vehicles" character varying, "created_at" timestamp NOT NULL, "updated_at" timestamp NOT NULL)[0m
  [1m[35m (2.7ms)[0m  [1m[35mCREATE TABLE "hunting_properties" ("id" serial primary key, "description" text, "address" character varying, "city" character varying, "state" character varying, "acreage" integer, "vegetation" text, "water_sources" text, "number_blinds" integer, "blind_types" character varying, "feeders" integer, "natural_feeders" boolean, "created_at" timestamp NOT NULL, "updated_at" timestamp NOT NULL)[0m
  [1m[35m (1.9ms)[0m  [1m[35mCREATE TABLE "indentifications" ("id" serial primary key, "proven" boolean, "created_at" timestamp NOT NULL, "updated_at" timestamp NOT NULL)[0m
  [1m[35m (1.9ms)[0m  [1m[35mCREATE TABLE "payment_methods" ("id" serial primary key, "credit_card" boolean, "created_at" timestamp NOT NULL, "updated_at" timestamp NOT NULL)[0m
  [1m[35m (2.3ms)[0m  [1m[35mCREATE TABLE "payout_preferences" ("id" serial primary key, "bank_account" boolean, "created_at" timestamp NOT NULL, "updated_at" timestamp NOT NULL)[0m
  [1m[35m (1.8ms)[0m  [1m[35mCREATE TABLE "reservations" ("id" serial primary key, "start_date" date, "end_date" date, "start_time" time, "end_time" time, "created_at" timestamp NOT NULL, "updated_at" timestamp NOT NULL)[0m
  [1m[35m (2.9ms)[0m  [1m[35mCREATE TABLE "users" ("id" serial primary key, "first_name" character varying, "last_name" character varying, "email" character varying, "phone" character varying, "profile_photo" character varying, "profile_video" character varying, "profile_e_description" text, "created_at" timestamp NOT NULL, "updated_at" timestamp NOT NULL)[0m
  [1m[35m (2.0ms)[0m  [1m[35mCREATE TABLE "schema_migrations" ("version" character varying PRIMARY KEY)[0m
  [1m[35m (0.3ms)[0m  [1m[34mSELECT version FROM "schema_migrations"[0m
  [1m[35m (0.4ms)[0m  [1m[32mINSERT INTO "schema_migrations" (version) VALUES ('20170106051115')[0m
  [1m[35m (0.4ms)[0m  [1m[32mINSERT INTO schema_migrations (version) VALUES
('20170106044409'),
('20170106044547'),
('20170106044647'),
('20170106044757'),
('20170106044839'),
('20170106050846'),
('20170106051009'),
('20170106051029');

[0m
  [1m[35m (1.9ms)[0m  [1m[35mCREATE TABLE "ar_internal_metadata" ("key" character varying PRIMARY KEY, "value" character varying, "created_at" timestamp NOT NULL, "updated_at" timestamp NOT NULL)[0m
  [1m[36mActiveRecord::InternalMetadata Load (0.4ms)[0m  [1m[34mSELECT  "ar_internal_metadata".* FROM "ar_internal_metadata" WHERE "ar_internal_metadata"."key" = $1 LIMIT $2[0m  [["key", :environment], ["LIMIT", 1]]
  [1m[35m (0.1ms)[0m  [1m[35mBEGIN[0m
  [1m[35mSQL (0.3ms)[0m  [1m[32mINSERT INTO "ar_internal_metadata" ("key", "value", "created_at", "updated_at") VALUES ($1, $2, $3, $4) RETURNING "key"[0m  [["key", "environment"], ["value", "development"], ["created_at", 2017-01-06 05:52:28 UTC], ["updated_at", 2017-01-06 05:52:28 UTC]]
  [1m[35m (6.4ms)[0m  [1m[35mCOMMIT[0m
  [1m[36mActiveRecord::InternalMetadata Load (0.2ms)[0m  [1m[34mSELECT  "ar_internal_metadata".* FROM "ar_internal_metadata" WHERE "ar_internal_metadata"."key" = $1 LIMIT $2[0m  [["key", :environment], ["LIMIT", 1]]
  [1m[35m (0.1ms)[0m  [1m[35mBEGIN[0m
  [1m[35m (0.1ms)[0m  [1m[35mCOMMIT[0m
  [1m[35mSQL (0.3ms)[0m  [1m[35mCREATE EXTENSION IF NOT EXISTS "plpgsql"[0m
  [1m[35m (5.0ms)[0m  [1m[35mCREATE TABLE "expeditions" ("id" serial primary key, "title" character varying, "description" text, "number_of_guests" character varying, "cost" integer, "allow_multiple_bookings_on_date" boolean, "created_at" timestamp NOT NULL, "updated_at" timestamp NOT NULL)[0m
  [1m[35m (2.7ms)[0m  [1m[35mCREATE TABLE "games" ("id" serial primary key, "game_type" character varying, "quality" character varying, "abundance" character varying, "number_animals" integer, "created_at" timestamp NOT NULL, "updated_at" timestamp NOT NULL)[0m
  [1m[35m (3.5ms)[0m  [1m[35mCREATE TABLE "hunting_amenities" ("id" serial primary key, "food" character varying, "lodging" character varying, "gear" character varying, "ammo" character varying, "guns" character varying, "vehicles" character varying, "created_at" timestamp NOT NULL, "updated_at" timestamp NOT NULL)[0m
  [1m[35m (2.8ms)[0m  [1m[35mCREATE TABLE "hunting_properties" ("id" serial primary key, "description" text, "address" character varying, "city" character varying, "state" character varying, "acreage" integer, "vegetation" text, "water_sources" text, "number_blinds" integer, "blind_types" character varying, "feeders" integer, "natural_feeders" boolean, "created_at" timestamp NOT NULL, "updated_at" timestamp NOT NULL)[0m
  [1m[35m (1.9ms)[0m  [1m[35mCREATE TABLE "indentifications" ("id" serial primary key, "proven" boolean, "created_at" timestamp NOT NULL, "updated_at" timestamp NOT NULL)[0m
  [1m[35m (2.4ms)[0m  [1m[35mCREATE TABLE "payment_methods" ("id" serial primary key, "credit_card" boolean, "created_at" timestamp NOT NULL, "updated_at" timestamp NOT NULL)[0m
  [1m[35m (2.3ms)[0m  [1m[35mCREATE TABLE "payout_preferences" ("id" serial primary key, "bank_account" boolean, "created_at" timestamp NOT NULL, "updated_at" timestamp NOT NULL)[0m
  [1m[35m (1.7ms)[0m  [1m[35mCREATE TABLE "reservations" ("id" serial primary key, "start_date" date, "end_date" date, "start_time" time, "end_time" time, "created_at" timestamp NOT NULL, "updated_at" timestamp NOT NULL)[0m
  [1m[35m (2.7ms)[0m  [1m[35mCREATE TABLE "users" ("id" serial primary key, "first_name" character varying, "last_name" character varying, "email" character varying, "phone" character varying, "profile_photo" character varying, "profile_video" character varying, "profile_e_description" text, "created_at" timestamp NOT NULL, "updated_at" timestamp NOT NULL)[0m
  [1m[35m (2.1ms)[0m  [1m[35mCREATE TABLE "schema_migrations" ("version" character varying PRIMARY KEY)[0m
  [1m[35m (0.3ms)[0m  [1m[34mSELECT version FROM "schema_migrations"[0m
  [1m[35m (0.4ms)[0m  [1m[32mINSERT INTO "schema_migrations" (version) VALUES ('20170106051115')[0m
  [1m[35m (0.3ms)[0m  [1m[32mINSERT INTO schema_migrations (version) VALUES
('20170106044409'),
('20170106044547'),
('20170106044647'),
('20170106044757'),
('20170106044839'),
('20170106050846'),
('20170106051009'),
('20170106051029');

[0m
  [1m[35m (2.0ms)[0m  [1m[35mCREATE TABLE "ar_internal_metadata" ("key" character varying PRIMARY KEY, "value" character varying, "created_at" timestamp NOT NULL, "updated_at" timestamp NOT NULL)[0m
  [1m[36mActiveRecord::InternalMetadata Load (0.2ms)[0m  [1m[34mSELECT  "ar_internal_metadata".* FROM "ar_internal_metadata" WHERE "ar_internal_metadata"."key" = $1 LIMIT $2[0m  [["key", :environment], ["LIMIT", 1]]
  [1m[35m (0.1ms)[0m  [1m[35mBEGIN[0m
  [1m[35mSQL (0.3ms)[0m  [1m[32mINSERT INTO "ar_internal_metadata" ("key", "value", "created_at", "updated_at") VALUES ($1, $2, $3, $4) RETURNING "key"[0m  [["key", "environment"], ["value", "development"], ["created_at", 2017-01-06 05:52:28 UTC], ["updated_at", 2017-01-06 05:52:28 UTC]]
  [1m[35m (0.3ms)[0m  [1m[35mCOMMIT[0m
  [1m[36mActiveRecord::InternalMetadata Load (0.1ms)[0m  [1m[34mSELECT  "ar_internal_metadata".* FROM "ar_internal_metadata" WHERE "ar_internal_metadata"."key" = $1 LIMIT $2[0m  [["key", :environment], ["LIMIT", 1]]
  [1m[35m (0.1ms)[0m  [1m[35mBEGIN[0m
  [1m[35m (0.1ms)[0m  [1m[35mCOMMIT[0m
  [1m[36mActiveRecord::SchemaMigration Load (0.3ms)[0m  [1m[34mSELECT "schema_migrations".* FROM "schema_migrations"[0m
DEPRECATION WARNING: Passing strings or symbols to the middleware builder is deprecated, please change
them to actual class references.  For example:

  "Rack::Cors" => Rack::Cors

 (called from <top (required)> at /Users/Xander/Development/ruby/limitout/backend/config/environment.rb:5)
  [1m[36mActiveRecord::SchemaMigration Load (0.3ms)[0m  [1m[34mSELECT "schema_migrations".* FROM "schema_migrations"[0m
  [1m[35m (0.2ms)[0m  [1m[34mSELECT "ar_internal_metadata"."value" FROM "ar_internal_metadata" WHERE "ar_internal_metadata"."key" = $1[0m  [["key", :environment]]
  [1m[36mActiveRecord::SchemaMigration Load (0.1ms)[0m  [1m[34mSELECT "schema_migrations".* FROM "schema_migrations"[0m
  [1m[35m (0.1ms)[0m  [1m[34mSELECT "ar_internal_metadata"."value" FROM "ar_internal_metadata" WHERE "ar_internal_metadata"."key" = $1[0m  [["key", :environment]]
  [1m[36mActiveRecord::SchemaMigration Load (0.1ms)[0m  [1m[34mSELECT "schema_migrations".* FROM "schema_migrations"[0m
  [1m[35m (0.2ms)[0m  [1m[34mSELECT "ar_internal_metadata"."value" FROM "ar_internal_metadata" WHERE "ar_internal_metadata"."key" = $1[0m  [["key", :environment]]
  [1m[35m (196.4ms)[0m  [1m[35mDROP DATABASE IF EXISTS "limitout_development"[0m
  [1m[35m (196.6ms)[0m  [1m[35mDROP DATABASE IF EXISTS "limitout_test"[0m
  [1m[35m (390.6ms)[0m  [1m[35mCREATE DATABASE "limitout_development" ENCODING = 'unicode'[0m
  [1m[35m (390.5ms)[0m  [1m[35mCREATE DATABASE "limitout_test" ENCODING = 'unicode'[0m
  [1m[35mSQL (0.2ms)[0m  [1m[35mCREATE EXTENSION IF NOT EXISTS "plpgsql"[0m
  [1m[35m (4.4ms)[0m  [1m[35mCREATE TABLE "expeditions" ("id" serial primary key, "title" character varying, "description" text, "number_of_guests" character varying, "cost" integer, "allow_multiple_bookings_on_date" boolean, "created_at" timestamp NOT NULL, "updated_at" timestamp NOT NULL)[0m
  [1m[35m (2.5ms)[0m  [1m[35mCREATE TABLE "animals" ("id" serial primary key, "animal_type" character varying, "quality" character varying, "abundance" character varying, "number_animals" integer, "created_at" timestamp NOT NULL, "updated_at" timestamp NOT NULL)[0m
  [1m[35m (3.4ms)[0m  [1m[35mCREATE TABLE "hunting_amenities" ("id" serial primary key, "food" character varying, "lodging" character varying, "gear" character varying, "ammo" character varying, "guns" character varying, "vehicles" character varying, "created_at" timestamp NOT NULL, "updated_at" timestamp NOT NULL)[0m
  [1m[35m (3.2ms)[0m  [1m[35mCREATE TABLE "hunting_properties" ("id" serial primary key, "description" text, "address" character varying, "city" character varying, "state" character varying, "acreage" integer, "vegetation" text, "water_sources" text, "number_blinds" integer, "blind_types" character varying, "feeders" integer, "natural_feeders" boolean, "created_at" timestamp NOT NULL, "updated_at" timestamp NOT NULL)[0m
  [1m[35m (1.7ms)[0m  [1m[35mCREATE TABLE "indentifications" ("id" serial primary key, "proven" boolean, "created_at" timestamp NOT NULL, "updated_at" timestamp NOT NULL)[0m
  [1m[35m (1.7ms)[0m  [1m[35mCREATE TABLE "payment_methods" ("id" serial primary key, "credit_card" boolean, "created_at" timestamp NOT NULL, "updated_at" timestamp NOT NULL)[0m
  [1m[35m (1.6ms)[0m  [1m[35mCREATE TABLE "payout_preferences" ("id" serial primary key, "bank_account" boolean, "created_at" timestamp NOT NULL, "updated_at" timestamp NOT NULL)[0m
  [1m[35m (1.8ms)[0m  [1m[35mCREATE TABLE "reservations" ("id" serial primary key, "start_date" date, "end_date" date, "start_time" time, "end_time" time, "created_at" timestamp NOT NULL, "updated_at" timestamp NOT NULL)[0m
  [1m[35m (2.8ms)[0m  [1m[35mCREATE TABLE "users" ("id" serial primary key, "first_name" character varying, "last_name" character varying, "email" character varying, "phone" character varying, "profile_photo" character varying, "profile_video" character varying, "profile_e_description" text, "created_at" timestamp NOT NULL, "updated_at" timestamp NOT NULL)[0m
  [1m[35m (2.1ms)[0m  [1m[35mCREATE TABLE "schema_migrations" ("version" character varying PRIMARY KEY)[0m
  [1m[35m (0.3ms)[0m  [1m[34mSELECT version FROM "schema_migrations"[0m
  [1m[35m (0.4ms)[0m  [1m[32mINSERT INTO "schema_migrations" (version) VALUES ('20170106051115')[0m
  [1m[35m (0.3ms)[0m  [1m[32mINSERT INTO schema_migrations (version) VALUES
('20170106044409'),
('20170106044547'),
('20170106044647'),
('20170106044757'),
('20170106044839'),
('20170106050846'),
('20170106051009'),
('20170106051029');

[0m
  [1m[35m (2.0ms)[0m  [1m[35mCREATE TABLE "ar_internal_metadata" ("key" character varying PRIMARY KEY, "value" character varying, "created_at" timestamp NOT NULL, "updated_at" timestamp NOT NULL)[0m
  [1m[36mActiveRecord::InternalMetadata Load (0.3ms)[0m  [1m[34mSELECT  "ar_internal_metadata".* FROM "ar_internal_metadata" WHERE "ar_internal_metadata"."key" = $1 LIMIT $2[0m  [["key", :environment], ["LIMIT", 1]]
  [1m[35m (0.1ms)[0m  [1m[35mBEGIN[0m
  [1m[35mSQL (0.3ms)[0m  [1m[32mINSERT INTO "ar_internal_metadata" ("key", "value", "created_at", "updated_at") VALUES ($1, $2, $3, $4) RETURNING "key"[0m  [["key", "environment"], ["value", "development"], ["created_at", 2017-01-06 05:53:07 UTC], ["updated_at", 2017-01-06 05:53:07 UTC]]
  [1m[35m (0.3ms)[0m  [1m[35mCOMMIT[0m
  [1m[36mActiveRecord::InternalMetadata Load (0.2ms)[0m  [1m[34mSELECT  "ar_internal_metadata".* FROM "ar_internal_metadata" WHERE "ar_internal_metadata"."key" = $1 LIMIT $2[0m  [["key", :environment], ["LIMIT", 1]]
  [1m[35m (0.1ms)[0m  [1m[35mBEGIN[0m
  [1m[35m (0.1ms)[0m  [1m[35mCOMMIT[0m
  [1m[35mSQL (0.2ms)[0m  [1m[35mCREATE EXTENSION IF NOT EXISTS "plpgsql"[0m
  [1m[35m (4.2ms)[0m  [1m[35mCREATE TABLE "expeditions" ("id" serial primary key, "title" character varying, "description" text, "number_of_guests" character varying, "cost" integer, "allow_multiple_bookings_on_date" boolean, "created_at" timestamp NOT NULL, "updated_at" timestamp NOT NULL)[0m
  [1m[35m (2.3ms)[0m  [1m[35mCREATE TABLE "animals" ("id" serial primary key, "animal_type" character varying, "quality" character varying, "abundance" character varying, "number_animals" integer, "created_at" timestamp NOT NULL, "updated_at" timestamp NOT NULL)[0m
  [1m[35m (2.7ms)[0m  [1m[35mCREATE TABLE "hunting_amenities" ("id" serial primary key, "food" character varying, "lodging" character varying, "gear" character varying, "ammo" character varying, "guns" character varying, "vehicles" character varying, "created_at" timestamp NOT NULL, "updated_at" timestamp NOT NULL)[0m
  [1m[35m (2.5ms)[0m  [1m[35mCREATE TABLE "hunting_properties" ("id" serial primary key, "description" text, "address" character varying, "city" character varying, "state" character varying, "acreage" integer, "vegetation" text, "water_sources" text, "number_blinds" integer, "blind_types" character varying, "feeders" integer, "natural_feeders" boolean, "created_at" timestamp NOT NULL, "updated_at" timestamp NOT NULL)[0m
  [1m[35m (1.7ms)[0m  [1m[35mCREATE TABLE "indentifications" ("id" serial primary key, "proven" boolean, "created_at" timestamp NOT NULL, "updated_at" timestamp NOT NULL)[0m
  [1m[35m (1.8ms)[0m  [1m[35mCREATE TABLE "payment_methods" ("id" serial primary key, "credit_card" boolean, "created_at" timestamp NOT NULL, "updated_at" timestamp NOT NULL)[0m
  [1m[35m (1.7ms)[0m  [1m[35mCREATE TABLE "payout_preferences" ("id" serial primary key, "bank_account" boolean, "created_at" timestamp NOT NULL, "updated_at" timestamp NOT NULL)[0m
  [1m[35m (1.6ms)[0m  [1m[35mCREATE TABLE "reservations" ("id" serial primary key, "start_date" date, "end_date" date, "start_time" time, "end_time" time, "created_at" timestamp NOT NULL, "updated_at" timestamp NOT NULL)[0m
  [1m[35m (2.4ms)[0m  [1m[35mCREATE TABLE "users" ("id" serial primary key, "first_name" character varying, "last_name" character varying, "email" character varying, "phone" character varying, "profile_photo" character varying, "profile_video" character varying, "profile_e_description" text, "created_at" timestamp NOT NULL, "updated_at" timestamp NOT NULL)[0m
  [1m[35m (2.6ms)[0m  [1m[35mCREATE TABLE "schema_migrations" ("version" character varying PRIMARY KEY)[0m
  [1m[35m (0.5ms)[0m  [1m[34mSELECT version FROM "schema_migrations"[0m
  [1m[35m (0.4ms)[0m  [1m[32mINSERT INTO "schema_migrations" (version) VALUES ('20170106051115')[0m
  [1m[35m (0.4ms)[0m  [1m[32mINSERT INTO schema_migrations (version) VALUES
('20170106044409'),
('20170106044547'),
('20170106044647'),
('20170106044757'),
('20170106044839'),
('20170106050846'),
('20170106051009'),
('20170106051029');

[0m
  [1m[35m (2.7ms)[0m  [1m[35mCREATE TABLE "ar_internal_metadata" ("key" character varying PRIMARY KEY, "value" character varying, "created_at" timestamp NOT NULL, "updated_at" timestamp NOT NULL)[0m
  [1m[36mActiveRecord::InternalMetadata Load (0.2ms)[0m  [1m[34mSELECT  "ar_internal_metadata".* FROM "ar_internal_metadata" WHERE "ar_internal_metadata"."key" = $1 LIMIT $2[0m  [["key", :environment], ["LIMIT", 1]]
  [1m[35m (0.1ms)[0m  [1m[35mBEGIN[0m
  [1m[35mSQL (0.2ms)[0m  [1m[32mINSERT INTO "ar_internal_metadata" ("key", "value", "created_at", "updated_at") VALUES ($1, $2, $3, $4) RETURNING "key"[0m  [["key", "environment"], ["value", "development"], ["created_at", 2017-01-06 05:53:07 UTC], ["updated_at", 2017-01-06 05:53:07 UTC]]
  [1m[35m (0.3ms)[0m  [1m[35mCOMMIT[0m
  [1m[36mActiveRecord::InternalMetadata Load (0.1ms)[0m  [1m[34mSELECT  "ar_internal_metadata".* FROM "ar_internal_metadata" WHERE "ar_internal_metadata"."key" = $1 LIMIT $2[0m  [["key", :environment], ["LIMIT", 1]]
  [1m[35m (0.1ms)[0m  [1m[35mBEGIN[0m
  [1m[35m (0.1ms)[0m  [1m[35mCOMMIT[0m
  [1m[36mActiveRecord::SchemaMigration Load (0.2ms)[0m  [1m[34mSELECT "schema_migrations".* FROM "schema_migrations"[0m
DEPRECATION WARNING: Passing strings or symbols to the middleware builder is deprecated, please change
them to actual class references.  For example:

  "Rack::Cors" => Rack::Cors

 (called from <top (required)> at /Users/Xander/Development/ruby/limitout/backend/config/environment.rb:5)
  [1m[36mActiveRecord::SchemaMigration Load (0.3ms)[0m  [1m[34mSELECT "schema_migrations".* FROM "schema_migrations"[0m
  [1m[35m (0.2ms)[0m  [1m[34mSELECT "ar_internal_metadata"."value" FROM "ar_internal_metadata" WHERE "ar_internal_metadata"."key" = $1[0m  [["key", :environment]]
  [1m[36mActiveRecord::SchemaMigration Load (0.1ms)[0m  [1m[34mSELECT "schema_migrations".* FROM "schema_migrations"[0m
  [1m[35m (0.1ms)[0m  [1m[34mSELECT "ar_internal_metadata"."value" FROM "ar_internal_metadata" WHERE "ar_internal_metadata"."key" = $1[0m  [["key", :environment]]
  [1m[36mActiveRecord::SchemaMigration Load (0.1ms)[0m  [1m[34mSELECT "schema_migrations".* FROM "schema_migrations"[0m
  [1m[35m (0.1ms)[0m  [1m[34mSELECT "ar_internal_metadata"."value" FROM "ar_internal_metadata" WHERE "ar_internal_metadata"."key" = $1[0m  [["key", :environment]]
  [1m[35m (193.5ms)[0m  [1m[35mDROP DATABASE IF EXISTS "limitout_development"[0m
  [1m[35m (194.3ms)[0m  [1m[35mDROP DATABASE IF EXISTS "limitout_test"[0m
  [1m[35m (383.0ms)[0m  [1m[35mCREATE DATABASE "limitout_development" ENCODING = 'unicode'[0m
  [1m[35m (400.1ms)[0m  [1m[35mCREATE DATABASE "limitout_test" ENCODING = 'unicode'[0m
  [1m[35mSQL (0.3ms)[0m  [1m[35mCREATE EXTENSION IF NOT EXISTS "plpgsql"[0m
  [1m[35m (3.8ms)[0m  [1m[35mCREATE TABLE "expeditions" ("id" serial primary key, "title" character varying, "description" text, "number_of_guests" character varying, "cost" integer, "allow_multiple_bookings_on_date" boolean, "created_at" timestamp NOT NULL, "updated_at" timestamp NOT NULL)[0m
  [1m[35m (2.2ms)[0m  [1m[35mCREATE TABLE "animals" ("id" serial primary key, "animal_type" character varying, "quality" character varying, "abundance" character varying, "number_animals" integer, "created_at" timestamp NOT NULL, "updated_at" timestamp NOT NULL)[0m
  [1m[35m (2.7ms)[0m  [1m[35mCREATE TABLE "hunting_amenities" ("id" serial primary key, "food" character varying, "lodging" character varying, "gear" character varying, "ammo" character varying, "guns" character varying, "vehicles" character varying, "created_at" timestamp NOT NULL, "updated_at" timestamp NOT NULL)[0m
  [1m[35m (2.7ms)[0m  [1m[35mCREATE TABLE "hunting_properties" ("id" serial primary key, "description" text, "address" character varying, "city" character varying, "state" character varying, "acreage" integer, "vegetation" text, "water_sources" text, "number_blinds" integer, "blind_types" character varying, "feeders" integer, "natural_feeders" boolean, "created_at" timestamp NOT NULL, "updated_at" timestamp NOT NULL)[0m
  [1m[35m (1.6ms)[0m  [1m[35mCREATE TABLE "indentifications" ("id" serial primary key, "proven" boolean, "created_at" timestamp NOT NULL, "updated_at" timestamp NOT NULL)[0m
  [1m[35m (1.7ms)[0m  [1m[35mCREATE TABLE "payment_methods" ("id" serial primary key, "credit_card" boolean, "created_at" timestamp NOT NULL, "updated_at" timestamp NOT NULL)[0m
  [1m[35m (1.7ms)[0m  [1m[35mCREATE TABLE "payout_preferences" ("id" serial primary key, "bank_account" boolean, "created_at" timestamp NOT NULL, "updated_at" timestamp NOT NULL)[0m
  [1m[35m (1.9ms)[0m  [1m[35mCREATE TABLE "reservations" ("id" serial primary key, "start_date" date, "end_date" date, "start_time" time, "end_time" time, "created_at" timestamp NOT NULL, "updated_at" timestamp NOT NULL)[0m
  [1m[35m (2.5ms)[0m  [1m[35mCREATE TABLE "users" ("id" serial primary key, "first_name" character varying, "last_name" character varying, "email" character varying, "phone" character varying, "profile_photo" character varying, "profile_video" character varying, "profile_e_description" text, "created_at" timestamp NOT NULL, "updated_at" timestamp NOT NULL)[0m
  [1m[35m (1.9ms)[0m  [1m[35mCREATE TABLE "schema_migrations" ("version" character varying PRIMARY KEY)[0m
  [1m[35m (0.3ms)[0m  [1m[34mSELECT version FROM "schema_migrations"[0m
  [1m[35m (0.4ms)[0m  [1m[32mINSERT INTO "schema_migrations" (version) VALUES ('20170106051115')[0m
  [1m[35m (0.4ms)[0m  [1m[32mINSERT INTO schema_migrations (version) VALUES
('20170106044409'),
('20170106044547'),
('20170106044647'),
('20170106044757'),
('20170106044839'),
('20170106050846'),
('20170106051009'),
('20170106051029');

[0m
  [1m[35m (1.9ms)[0m  [1m[35mCREATE TABLE "ar_internal_metadata" ("key" character varying PRIMARY KEY, "value" character varying, "created_at" timestamp NOT NULL, "updated_at" timestamp NOT NULL)[0m
  [1m[36mActiveRecord::InternalMetadata Load (0.4ms)[0m  [1m[34mSELECT  "ar_internal_metadata".* FROM "ar_internal_metadata" WHERE "ar_internal_metadata"."key" = $1 LIMIT $2[0m  [["key", :environment], ["LIMIT", 1]]
  [1m[35m (0.1ms)[0m  [1m[35mBEGIN[0m
  [1m[35mSQL (0.5ms)[0m  [1m[32mINSERT INTO "ar_internal_metadata" ("key", "value", "created_at", "updated_at") VALUES ($1, $2, $3, $4) RETURNING "key"[0m  [["key", "environment"], ["value", "development"], ["created_at", 2017-01-06 05:53:33 UTC], ["updated_at", 2017-01-06 05:53:33 UTC]]
  [1m[35m (0.3ms)[0m  [1m[35mCOMMIT[0m
  [1m[36mActiveRecord::InternalMetadata Load (0.1ms)[0m  [1m[34mSELECT  "ar_internal_metadata".* FROM "ar_internal_metadata" WHERE "ar_internal_metadata"."key" = $1 LIMIT $2[0m  [["key", :environment], ["LIMIT", 1]]
  [1m[35m (0.1ms)[0m  [1m[35mBEGIN[0m
  [1m[35m (0.1ms)[0m  [1m[35mCOMMIT[0m
  [1m[35mSQL (0.2ms)[0m  [1m[35mCREATE EXTENSION IF NOT EXISTS "plpgsql"[0m
  [1m[35m (4.3ms)[0m  [1m[35mCREATE TABLE "expeditions" ("id" serial primary key, "title" character varying, "description" text, "number_of_guests" character varying, "cost" integer, "allow_multiple_bookings_on_date" boolean, "created_at" timestamp NOT NULL, "updated_at" timestamp NOT NULL)[0m
  [1m[35m (2.6ms)[0m  [1m[35mCREATE TABLE "animals" ("id" serial primary key, "animal_type" character varying, "quality" character varying, "abundance" character varying, "number_animals" integer, "created_at" timestamp NOT NULL, "updated_at" timestamp NOT NULL)[0m
  [1m[35m (3.0ms)[0m  [1m[35mCREATE TABLE "hunting_amenities" ("id" serial primary key, "food" character varying, "lodging" character varying, "gear" character varying, "ammo" character varying, "guns" character varying, "vehicles" character varying, "created_at" timestamp NOT NULL, "updated_at" timestamp NOT NULL)[0m
  [1m[35m (2.9ms)[0m  [1m[35mCREATE TABLE "hunting_properties" ("id" serial primary key, "description" text, "address" character varying, "city" character varying, "state" character varying, "acreage" integer, "vegetation" text, "water_sources" text, "number_blinds" integer, "blind_types" character varying, "feeders" integer, "natural_feeders" boolean, "created_at" timestamp NOT NULL, "updated_at" timestamp NOT NULL)[0m
  [1m[35m (2.1ms)[0m  [1m[35mCREATE TABLE "indentifications" ("id" serial primary key, "proven" boolean, "created_at" timestamp NOT NULL, "updated_at" timestamp NOT NULL)[0m
  [1m[35m (1.9ms)[0m  [1m[35mCREATE TABLE "payment_methods" ("id" serial primary key, "credit_card" boolean, "created_at" timestamp NOT NULL, "updated_at" timestamp NOT NULL)[0m
  [1m[35m (1.8ms)[0m  [1m[35mCREATE TABLE "payout_preferences" ("id" serial primary key, "bank_account" boolean, "created_at" timestamp NOT NULL, "updated_at" timestamp NOT NULL)[0m
  [1m[35m (1.6ms)[0m  [1m[35mCREATE TABLE "reservations" ("id" serial primary key, "start_date" date, "end_date" date, "start_time" time, "end_time" time, "created_at" timestamp NOT NULL, "updated_at" timestamp NOT NULL)[0m
  [1m[35m (2.4ms)[0m  [1m[35mCREATE TABLE "users" ("id" serial primary key, "first_name" character varying, "last_name" character varying, "email" character varying, "phone" character varying, "profile_photo" character varying, "profile_video" character varying, "profile_e_description" text, "created_at" timestamp NOT NULL, "updated_at" timestamp NOT NULL)[0m
  [1m[35m (2.4ms)[0m  [1m[35mCREATE TABLE "schema_migrations" ("version" character varying PRIMARY KEY)[0m
  [1m[35m (0.3ms)[0m  [1m[34mSELECT version FROM "schema_migrations"[0m
  [1m[35m (0.4ms)[0m  [1m[32mINSERT INTO "schema_migrations" (version) VALUES ('20170106051115')[0m
  [1m[35m (0.4ms)[0m  [1m[32mINSERT INTO schema_migrations (version) VALUES
('20170106044409'),
('20170106044547'),
('20170106044647'),
('20170106044757'),
('20170106044839'),
('20170106050846'),
('20170106051009'),
('20170106051029');

[0m
  [1m[35m (1.8ms)[0m  [1m[35mCREATE TABLE "ar_internal_metadata" ("key" character varying PRIMARY KEY, "value" character varying, "created_at" timestamp NOT NULL, "updated_at" timestamp NOT NULL)[0m
  [1m[36mActiveRecord::InternalMetadata Load (0.2ms)[0m  [1m[34mSELECT  "ar_internal_metadata".* FROM "ar_internal_metadata" WHERE "ar_internal_metadata"."key" = $1 LIMIT $2[0m  [["key", :environment], ["LIMIT", 1]]
  [1m[35m (0.1ms)[0m  [1m[35mBEGIN[0m
  [1m[35mSQL (0.2ms)[0m  [1m[32mINSERT INTO "ar_internal_metadata" ("key", "value", "created_at", "updated_at") VALUES ($1, $2, $3, $4) RETURNING "key"[0m  [["key", "environment"], ["value", "development"], ["created_at", 2017-01-06 05:53:34 UTC], ["updated_at", 2017-01-06 05:53:34 UTC]]
  [1m[35m (0.3ms)[0m  [1m[35mCOMMIT[0m
  [1m[36mActiveRecord::InternalMetadata Load (0.1ms)[0m  [1m[34mSELECT  "ar_internal_metadata".* FROM "ar_internal_metadata" WHERE "ar_internal_metadata"."key" = $1 LIMIT $2[0m  [["key", :environment], ["LIMIT", 1]]
  [1m[35m (0.1ms)[0m  [1m[35mBEGIN[0m
  [1m[35m (0.1ms)[0m  [1m[35mCOMMIT[0m
  [1m[36mActiveRecord::SchemaMigration Load (0.3ms)[0m  [1m[34mSELECT "schema_migrations".* FROM "schema_migrations"[0m
